e:\github\mote\arpspoofingforwindows\arpspoofingforwindows\debug\arpspoofingforwindows.pch
e:\github\mote\arpspoofingforwindows\arpspoofingforwindows\debug\vc120.pdb
e:\github\mote\arpspoofingforwindows\arpspoofingforwindows\debug\vc120.idb
e:\github\mote\arpspoofingforwindows\arpspoofingforwindows\debug\stdafx.obj
e:\github\mote\arpspoofingforwindows\arpspoofingforwindows\debug\adapter.obj
e:\github\mote\arpspoofingforwindows\arpspoofingforwindows\debug\arpframe.obj
e:\github\mote\arpspoofingforwindows\arpspoofingforwindows\debug\arpspoofingforwindows.obj
e:\github\mote\arpspoofingforwindows\arpspoofingforwindows\debug\arpspoofingforwindowsdlg.obj
e:\github\mote\arpspoofingforwindows\arpspoofingforwindows\debug\arpspoofingforwindows.res
e:\github\mote\arpspoofingforwindows\debug\arpspoofingforwindows.ilk
e:\github\mote\arpspoofingforwindows\debug\arpspoofingforwindows.exe
e:\github\mote\arpspoofingforwindows\debug\arpspoofingforwindows.pdb
e:\github\mote\arpspoofingforwindows\arpspoofingforwindows\debug\arpspoof.ca63147b.tlog\cl.read.1.tlog
e:\github\mote\arpspoofingforwindows\arpspoofingforwindows\debug\arpspoof.ca63147b.tlog\cl.write.1.tlog
e:\github\mote\arpspoofingforwindows\arpspoofingforwindows\debug\arpspoof.ca63147b.tlog\cl.command.1.tlog
e:\github\mote\arpspoofingforwindows\arpspoofingforwindows\debug\arpspoof.ca63147b.tlog\rc.read.1.tlog
e:\github\mote\arpspoofingforwindows\arpspoofingforwindows\debug\arpspoof.ca63147b.tlog\rc.write.1.tlog
e:\github\mote\arpspoofingforwindows\arpspoofingforwindows\debug\arpspoof.ca63147b.tlog\rc.command.1.tlog
e:\github\mote\arpspoofingforwindows\arpspoofingforwindows\debug\arpspoof.ca63147b.tlog\link.command.1.tlog
e:\github\mote\arpspoofingforwindows\arpspoofingforwindows\debug\arpspoof.ca63147b.tlog\link.read.1.tlog
e:\github\mote\arpspoofingforwindows\arpspoofingforwindows\debug\arpspoof.ca63147b.tlog\link.write.1.tlog
