生成启动时间为 2015/5/27 14:58:03。
     1>项目“E:\GitHub\rainmote\ArpSpoofingForWindows\ArpSpoofingForWindows\ArpSpoofingForWindows.vcxproj”在节点 2 上(Rebuild 个目标)。
     1>ClCompile:
         C:\Program Files (x86)\Microsoft Visual Studio 12.0\VC\bin\CL.exe /c /ZI /nologo /W3 /WX- /sdl /Od /Oy- /D WIN32 /D _WINDOWS /D _DEBUG /D WPCAP /D HAVE_REMOTE /D PACKET /D _CRT_SECURE_NO_WARNINGS /D _UNICODE /D UNICODE /Gm /EHsc /RTC1 /MTd /GS /fp:precise /Zc:wchar_t /Zc:forScope /Yc"stdafx.h" /Fp"Debug\ArpSpoofingForWindows.pch" /Fo"Debug\\" /Fd"Debug\vc120.pdb" /Gd /TP /analyze- /errorReport:prompt stdafx.cpp
         stdafx.cpp
         C:\Program Files (x86)\Microsoft Visual Studio 12.0\VC\bin\CL.exe /c /ZI /nologo /W3 /WX- /sdl /Od /Oy- /D WIN32 /D _WINDOWS /D _DEBUG /D WPCAP /D HAVE_REMOTE /D PACKET /D _CRT_SECURE_NO_WARNINGS /D _UNICODE /D UNICODE /Gm /EHsc /RTC1 /MTd /GS /fp:precise /Zc:wchar_t /Zc:forScope /Yu"stdafx.h" /Fp"Debug\ArpSpoofingForWindows.pch" /Fo"Debug\\" /Fd"Debug\vc120.pdb" /Gd /TP /analyze- /errorReport:prompt adapter.cpp arpFrame.cpp ArpSpoofingForWindows.cpp ArpSpoofingForWindowsDlg.cpp
         ArpSpoofingForWindowsDlg.cpp
         ArpSpoofingForWindows.cpp
         arpFrame.cpp
         adapter.cpp
         正在生成代码...
       ResourceCompile:
         C:\Program Files (x86)\Windows Kits\8.1\bin\x86\rc.exe /D _DEBUG /D _UNICODE /D UNICODE /l"0x0804" /IDebug\ /nologo /fo"Debug\ArpSpoofingForWindows.res" ArpSpoofingForWindows.rc 
       Link:
         C:\Program Files (x86)\Microsoft Visual Studio 12.0\VC\bin\link.exe /ERRORREPORT:PROMPT /OUT:"E:\GitHub\rainmote\ArpSpoofingForWindows\Debug\ArpSpoofingForWindows.exe" /INCREMENTAL /NOLOGO /LIBPATH:"D:\my program study\WpdPack_4_1_2\WpdPack\Lib" wpcap.lib Packet.lib /MANIFEST /MANIFESTUAC:"level='asInvoker' uiAccess='false'" /manifest:embed /manifestinput:"C:\Program Files (x86)\Microsoft Visual Studio 12.0\VC\Include\Manifest\dpiaware.manifest" /DEBUG /PDB:"E:\GitHub\rainmote\ArpSpoofingForWindows\Debug\ArpSpoofingForWindows.pdb" /SUBSYSTEM:WINDOWS /TLBID:1 /ENTRY:"wWinMainCRTStartup" /DYNAMICBASE /NXCOMPAT /IMPLIB:"E:\GitHub\rainmote\ArpSpoofingForWindows\Debug\ArpSpoofingForWindows.lib" /MACHINE:X86 Debug\ArpSpoofingForWindows.res
         Debug\adapter.obj
         Debug\arpFrame.obj
         Debug\ArpSpoofingForWindows.obj
         Debug\ArpSpoofingForWindowsDlg.obj
         Debug\stdafx.obj
         ArpSpoofingForWindows.vcxproj -> E:\GitHub\rainmote\ArpSpoofingForWindows\Debug\ArpSpoofingForWindows.exe
     1>已完成生成项目“E:\GitHub\rainmote\ArpSpoofingForWindows\ArpSpoofingForWindows\ArpSpoofingForWindows.vcxproj”(Rebuild 个目标)的操作。

生成成功。

已用时间 00:00:34.52
